2025-04-06 18:43:47,290 - DEBUG - STREAM b'IHDR' 16 13
2025-04-06 18:43:47,344 - DEBUG - STREAM b'sRGB' 41 1
2025-04-06 18:43:47,344 - DEBUG - STREAM b'gAMA' 54 4
2025-04-06 18:43:47,344 - DEBUG - STREAM b'pHYs' 70 9
2025-04-06 18:43:47,345 - DEBUG - STREAM b'iTXt' 91 391
2025-04-06 18:43:47,345 - DEBUG - STREAM b'IDAT' 494 13428
2025-04-06 18:43:47,346 - DEBUG - STREAM b'IHDR' 16 13
2025-04-06 18:43:47,346 - DEBUG - STREAM b'sRGB' 41 1
2025-04-06 18:43:47,346 - DEBUG - STREAM b'gAMA' 54 4
2025-04-06 18:43:47,346 - DEBUG - STREAM b'pHYs' 70 9
2025-04-06 18:43:47,346 - DEBUG - STREAM b'iTXt' 91 391
2025-04-06 18:43:47,346 - DEBUG - STREAM b'IDAT' 494 15099
2025-04-06 18:43:47,347 - DEBUG - STREAM b'IHDR' 16 13
2025-04-06 18:43:47,347 - DEBUG - STREAM b'sRGB' 41 1
2025-04-06 18:43:47,348 - DEBUG - STREAM b'gAMA' 54 4
2025-04-06 18:43:47,348 - DEBUG - STREAM b'pHYs' 70 9
2025-04-06 18:43:47,348 - DEBUG - STREAM b'iTXt' 91 391
2025-04-06 18:43:47,348 - DEBUG - STREAM b'IDAT' 494 14244
2025-04-06 18:43:51,940 - INFO - Encryption disabled - WARNING: Communications are not secure!
2025-04-06 18:43:52,649 - INFO - Connected to 127.0.0.1:12345 as 'Specter-Labyrinth'
2025-04-06 18:43:52,676 - INFO - Receive loop started
2025-04-06 18:43:52,677 - INFO - Update loop started
2025-04-06 18:43:52,677 - INFO - Connection established successfully
2025-04-06 18:43:52,678 - INFO - Host name set to: Haunted-Shroud
2025-04-06 18:43:52,678 - INFO - Updated participant list: {('127.0.0.1', 61499): 'Specter-Labyrinth', ('0.0.0.0', 12345): 'Haunted-Shroud'}
2025-04-06 18:43:52,679 - INFO - Host name set to: Haunted-Shroud
2025-04-06 18:43:52,679 - INFO - Updated participant list: {('127.0.0.1', 61499): 'Specter-Labyrinth', ('0.0.0.0', 12345): 'Haunted-Shroud'}
2025-04-06 18:43:52,679 - DEBUG - Updating chamber with avatars: {'127.0.0.1:61499': {'body': 1, 'top': 1, 'head': 1}}
2025-04-06 18:43:52,679 - DEBUG - Filtered avatars: {}
2025-04-06 18:44:05,230 - INFO - Send loop started
2025-04-06 18:44:05,230 - INFO - Started transmitting (button)
2025-04-06 18:44:05,231 - INFO - Host name set to: Haunted-Shroud
2025-04-06 18:44:05,231 - INFO - Updated participant list: {('127.0.0.1', 61499): 'Specter-Labyrinth', ('0.0.0.0', 12345): 'Haunted-Shroud'}
2025-04-06 18:44:05,233 - DEBUG - Updating chamber with avatars: {'127.0.0.1:61499': {'body': 1, 'top': 1, 'head': 1}}
2025-04-06 18:44:05,233 - DEBUG - Filtered avatars: {}
2025-04-06 18:44:05,766 - INFO - Stopped transmitting (button)
2025-04-06 18:44:06,366 - INFO - Send loop started
2025-04-06 18:44:06,366 - INFO - Started transmitting (button)
2025-04-06 18:44:06,800 - INFO - Stopped transmitting (button)
2025-04-06 18:44:07,425 - INFO - Send loop started
2025-04-06 18:44:07,425 - INFO - Started transmitting (button)
2025-04-06 18:44:07,816 - INFO - Stopped transmitting (button)
2025-04-06 18:44:12,422 - INFO - Stopping connection...
2025-04-06 18:44:12,423 - INFO - Socket closed
2025-04-06 18:44:12,424 - INFO - Input stream closed
2025-04-06 18:44:12,426 - INFO - Output stream closed
2025-04-06 18:44:12,427 - INFO - Connection fully stopped
2025-04-06 18:44:16,047 - INFO - Application closing...
2025-04-06 18:44:16,047 - INFO - Stopping connection...
2025-04-06 18:44:16,047 - INFO - Socket closed
2025-04-06 18:44:16,048 - INFO - Input stream closed
2025-04-06 18:44:16,048 - INFO - Output stream closed
2025-04-06 18:44:16,050 - INFO - Connection fully stopped
2025-04-06 18:44:16,092 - INFO - Application closed
